2024-08-19 08:58:58 [scrapy.addons] INFO: Enabled addons:
[]
2024-08-19 08:58:58 [asyncio] DEBUG: Using selector: SelectSelector
2024-08-19 08:58:58 [scrapy.utils.log] DEBUG: Using reactor: twisted.internet.asyncioreactor.AsyncioSelectorReactor
2024-08-19 08:58:58 [scrapy.utils.log] DEBUG: Using asyncio event loop: asyncio.windows_events._WindowsSelectorEventLoop
2024-08-19 08:58:58 [scrapy.extensions.telnet] INFO: Telnet Password: 2a261803c29bb9da
2024-08-19 08:58:58 [scrapy.middleware] INFO: Enabled extensions:
['scrapy.extensions.corestats.CoreStats',
 'scrapy.extensions.telnet.TelnetConsole',
 'scrapy.extensions.logstats.LogStats']
2024-08-19 08:58:58 [scrapy.crawler] INFO: Overridden settings:
{'BOT_NAME': 'mckinsey_scraper',
 'DOWNLOAD_DELAY': 1,
 'FEED_EXPORT_ENCODING': 'utf-8',
 'LOG_FILE': 'mckinsey_case_studies_20240819_085857.log',
 'NEWSPIDER_MODULE': 'mckinsey_scraper.spiders',
 'REQUEST_FINGERPRINTER_IMPLEMENTATION': '2.7',
 'SPIDER_MODULES': ['mckinsey_scraper.spiders'],
 'TWISTED_REACTOR': 'twisted.internet.asyncioreactor.AsyncioSelectorReactor',
 'USER_AGENT': 'Mozilla/5.0 (Windows NT 10.0; Win64; x64) AppleWebKit/537.36 '
               '(KHTML, like Gecko) Chrome/114.0.5735.199 Safari/537.36'}
2024-08-19 08:58:58 [scrapy.middleware] INFO: Enabled downloader middlewares:
['scrapy.downloadermiddlewares.offsite.OffsiteMiddleware',
 'scrapy.downloadermiddlewares.httpauth.HttpAuthMiddleware',
 'scrapy.downloadermiddlewares.downloadtimeout.DownloadTimeoutMiddleware',
 'scrapy.downloadermiddlewares.defaultheaders.DefaultHeadersMiddleware',
 'scrapy.downloadermiddlewares.useragent.UserAgentMiddleware',
 'scrapy.downloadermiddlewares.retry.RetryMiddleware',
 'scrapy.downloadermiddlewares.redirect.MetaRefreshMiddleware',
 'scrapy.downloadermiddlewares.httpcompression.HttpCompressionMiddleware',
 'scrapy.downloadermiddlewares.redirect.RedirectMiddleware',
 'scrapy.downloadermiddlewares.cookies.CookiesMiddleware',
 'scrapy.downloadermiddlewares.httpproxy.HttpProxyMiddleware',
 'scrapy.downloadermiddlewares.stats.DownloaderStats']
2024-08-19 08:58:58 [scrapy.middleware] INFO: Enabled spider middlewares:
['scrapy.spidermiddlewares.httperror.HttpErrorMiddleware',
 'scrapy.spidermiddlewares.referer.RefererMiddleware',
 'scrapy.spidermiddlewares.urllength.UrlLengthMiddleware',
 'scrapy.spidermiddlewares.depth.DepthMiddleware']
2024-08-19 08:58:58 [scrapy.middleware] INFO: Enabled item pipelines:
[]
2024-08-19 08:58:58 [scrapy.core.engine] INFO: Spider opened
2024-08-19 08:58:58 [scrapy.extensions.logstats] INFO: Crawled 0 pages (at 0 pages/min), scraped 0 items (at 0 items/min)
2024-08-19 08:58:58 [scrapy.extensions.telnet] INFO: Telnet console listening on 127.0.0.1:6023
2024-08-19 08:58:58 [scrapy.core.engine] DEBUG: Crawled (200) <GET https://www.mckinsey.com/about-us/case-studies> (referer: None)
2024-08-19 08:58:58 [scrapy.dupefilters] DEBUG: Filtered duplicate request: <GET https://www.mckinsey.com/industries/retail/how-we-help-clients/helping-starbucks-design-stores-that-are-inclusive-for-all> - no more duplicates will be shown (see DUPEFILTER_DEBUG to show all duplicates)
2024-08-19 08:59:00 [scrapy.core.engine] DEBUG: Crawled (200) <GET https://www.mckinsey.com/industries/metals-and-mining/how-we-help-clients/inside-a-mining-companys-ai-transformation> (referer: https://www.mckinsey.com/about-us/case-studies)
2024-08-19 08:59:01 [scrapy.core.engine] DEBUG: Crawled (200) <GET https://www.mckinsey.com/about-us/new-at-mckinsey-blog/how-will-real-estate-be-different-in-the-next-normal> (referer: https://www.mckinsey.com/about-us/case-studies)
2024-08-19 08:59:02 [scrapy.core.engine] DEBUG: Crawled (200) <GET https://www.mckinsey.com/industries/metals-and-mining/how-we-help-clients/how-a-steel-plant-in-india-tapped-the-value-of-data-and-won-global-acclaim> (referer: https://www.mckinsey.com/about-us/case-studies)
2024-08-19 08:59:03 [scrapy.core.engine] DEBUG: Crawled (200) <GET https://www.mckinsey.com/capabilities/mckinsey-digital/how-we-help-clients/flying-across-the-sea-propelled-by-ai> (referer: https://www.mckinsey.com/about-us/case-studies)
2024-08-19 08:59:05 [scrapy.core.engine] DEBUG: Crawled (200) <GET https://www.mckinsey.com/capabilities/mckinsey-digital/how-we-help-clients/how-telkomsel-transformed-to-reach-digital-first-consumers> (referer: https://www.mckinsey.com/about-us/case-studies)
2024-08-19 08:59:06 [scrapy.core.engine] DEBUG: Crawled (200) <GET https://www.mckinsey.com/capabilities/mckinsey-design/how-we-help-clients/protecting-workers-through-award-winning-design> (referer: https://www.mckinsey.com/about-us/case-studies)
2024-08-19 08:59:07 [scrapy.core.engine] DEBUG: Crawled (200) <GET https://www.mckinsey.com/capabilities/operations/how-we-help-clients/a-manufacturing-moonshot> (referer: https://www.mckinsey.com/about-us/case-studies)
2024-08-19 08:59:08 [scrapy.core.engine] DEBUG: Crawled (200) <GET https://www.mckinsey.com/capabilities/mckinsey-digital/how-we-help-clients/an-ai-power-play-fueling-the-next-wave-of-innovation-in-the-energy-sector> (referer: https://www.mckinsey.com/about-us/case-studies)
2024-08-19 08:59:10 [scrapy.core.engine] DEBUG: Crawled (200) <GET https://www.mckinsey.com/mhi/focus-areas/brain-health/988-three-digits-and-the-nationwide-effort-to-help-millions-in-crisis> (referer: https://www.mckinsey.com/about-us/case-studies)
2024-08-19 08:59:11 [scrapy.core.engine] DEBUG: Crawled (200) <GET https://www.mckinsey.com/industries/travel-logistics-and-infrastructure/how-we-help-clients/undaunted-by-global-disruption-a-logistics-company-embraces-bold-transformation> (referer: https://www.mckinsey.com/about-us/case-studies)
2024-08-19 08:59:12 [scrapy.core.engine] DEBUG: Crawled (200) <GET https://www.mckinsey.com/capabilities/sustainability/how-we-help-clients/impact-stories/how-a-global-components-manufacturer-built-an-ambitious-carbon-reduction-roadmap> (referer: https://www.mckinsey.com/about-us/case-studies)
2024-08-19 08:59:14 [scrapy.core.engine] DEBUG: Crawled (200) <GET https://www.mckinsey.com/industries/public-sector/how-we-help-clients/how-a-government-agency-is-preparing-workers-to-thrive-in-the-skills-based-economy> (referer: https://www.mckinsey.com/about-us/case-studies)
2024-08-19 08:59:14 [scrapy.core.engine] DEBUG: Crawled (200) <GET https://www.mckinsey.com/industries/public-sector/how-we-help-clients/made-in-africa> (referer: https://www.mckinsey.com/about-us/case-studies)
2024-08-19 08:59:16 [scrapy.core.engine] DEBUG: Crawled (200) <GET https://www.mckinsey.com/us/our-societal-impact/partnering-on-americas-toughest-challenges> (referer: https://www.mckinsey.com/about-us/case-studies)
2024-08-19 08:59:17 [scrapy.core.engine] DEBUG: Crawled (200) <GET https://www.mckinsey.com/capabilities/mckinsey-digital/how-we-help-clients/rewired-in-action> (referer: https://www.mckinsey.com/about-us/case-studies)
2024-08-19 08:59:18 [scrapy.core.engine] DEBUG: Crawled (200) <GET https://www.mckinsey.com/capabilities/mckinsey-digital/how-we-help-clients/cp-axtra> (referer: https://www.mckinsey.com/about-us/case-studies)
2024-08-19 08:59:20 [scrapy.core.engine] DEBUG: Crawled (200) <GET https://www.mckinsey.com/about-us/new-at-mckinsey-blog/tearing-the-paper-ceiling-mckinsey-supports-movement-for-upward-mobility-of-millions-of-workers> (referer: https://www.mckinsey.com/about-us/case-studies)
2024-08-19 08:59:21 [scrapy.core.engine] DEBUG: Crawled (200) <GET https://www.mckinsey.com/about-us/new-at-mckinsey-blog/mckinseys-new-sustainability-academy-helps-clients-upskill-workers-for-the-net-zero-transition> (referer: https://www.mckinsey.com/about-us/case-studies)
2024-08-19 08:59:22 [scrapy.core.engine] DEBUG: Crawled (200) <GET https://www.mckinsey.com/about-us/new-at-mckinsey-blog/jobsohio-revitalizes-states-economy-through-innovative-solutions> (referer: https://www.mckinsey.com/about-us/case-studies)
2024-08-19 08:59:24 [scrapy.core.engine] DEBUG: Crawled (200) <GET https://www.mckinsey.com/industries/financial-services/how-we-help-clients/banking-on-innovation-how-ing-uses-generative-ai-to-put-people-first> (referer: https://www.mckinsey.com/about-us/case-studies)
2024-08-19 08:59:25 [scrapy.core.engine] DEBUG: Crawled (200) <GET https://www.mckinsey.com/capabilities/operations/how-we-help-clients/how-lufthansa-is-using-data-to-reduce-costs-and-improve-spend-and-carbon-transparency> (referer: https://www.mckinsey.com/about-us/case-studies)
2024-08-19 08:59:26 [scrapy.core.engine] DEBUG: Crawled (200) <GET https://www.mckinsey.com/capabilities/mckinsey-digital/how-we-help-clients/building-a-next-generation-carbon-platform-to-accelerate-the-path-to-net-zero> (referer: https://www.mckinsey.com/about-us/case-studies)
2024-08-19 08:59:27 [scrapy.core.engine] DEBUG: Crawled (200) <GET https://www.mckinsey.com/industries/retail/how-we-help-clients/helping-starbucks-design-stores-that-are-inclusive-for-all> (referer: https://www.mckinsey.com/about-us/case-studies)
2024-08-19 08:59:27 [scrapy.core.engine] INFO: Closing spider (finished)
2024-08-19 08:59:27 [scrapy.statscollectors] INFO: Dumping Scrapy stats:
{'downloader/request_bytes': 50750,
 'downloader/request_count': 24,
 'downloader/request_method_count/GET': 24,
 'downloader/response_bytes': 932876,
 'downloader/response_count': 24,
 'downloader/response_status_count/200': 24,
 'dupefilter/filtered': 92,
 'elapsed_time_seconds': 29.687966,
 'finish_reason': 'finished',
 'finish_time': datetime.datetime(2024, 8, 19, 13, 59, 27, 907558, tzinfo=datetime.timezone.utc),
 'httpcompression/response_bytes': 3648437,
 'httpcompression/response_count': 24,
 'log_count/DEBUG': 28,
 'log_count/INFO': 10,
 'request_depth_max': 1,
 'response_received_count': 24,
 'scheduler/dequeued': 24,
 'scheduler/dequeued/memory': 24,
 'scheduler/enqueued': 24,
 'scheduler/enqueued/memory': 24,
 'start_time': datetime.datetime(2024, 8, 19, 13, 58, 58, 219592, tzinfo=datetime.timezone.utc)}
2024-08-19 08:59:27 [scrapy.core.engine] INFO: Spider closed (finished)
