2024-08-19 12:25:38 [scrapy.addons] INFO: Enabled addons:
[]
2024-08-19 12:25:38 [asyncio] DEBUG: Using selector: SelectSelector
2024-08-19 12:25:38 [scrapy.utils.log] DEBUG: Using reactor: twisted.internet.asyncioreactor.AsyncioSelectorReactor
2024-08-19 12:25:38 [scrapy.utils.log] DEBUG: Using asyncio event loop: asyncio.windows_events._WindowsSelectorEventLoop
2024-08-19 12:25:38 [scrapy.extensions.telnet] INFO: Telnet Password: b928c6b0b069b439
2024-08-19 12:25:38 [scrapy.middleware] INFO: Enabled extensions:
['scrapy.extensions.corestats.CoreStats',
 'scrapy.extensions.telnet.TelnetConsole',
 'scrapy.extensions.logstats.LogStats']
2024-08-19 12:25:38 [scrapy.crawler] INFO: Overridden settings:
{'BOT_NAME': 'mckinsey_scraper',
 'DOWNLOAD_DELAY': 1,
 'FEED_EXPORT_ENCODING': 'utf-8',
 'LOG_FILE': 'mckinsey_capabilities_digital_20240819_122538.log',
 'NEWSPIDER_MODULE': 'mckinsey_scraper.spiders',
 'REQUEST_FINGERPRINTER_IMPLEMENTATION': '2.7',
 'SPIDER_MODULES': ['mckinsey_scraper.spiders'],
 'TWISTED_REACTOR': 'twisted.internet.asyncioreactor.AsyncioSelectorReactor'}
2024-08-19 12:25:38 [scrapy.middleware] INFO: Enabled downloader middlewares:
['scrapy.downloadermiddlewares.offsite.OffsiteMiddleware',
 'scrapy.downloadermiddlewares.httpauth.HttpAuthMiddleware',
 'scrapy.downloadermiddlewares.downloadtimeout.DownloadTimeoutMiddleware',
 'scrapy.downloadermiddlewares.defaultheaders.DefaultHeadersMiddleware',
 'mckinsey_scraper.middlewares.RandomUserAgentMiddleware',
 'scrapy.downloadermiddlewares.useragent.UserAgentMiddleware',
 'scrapy.downloadermiddlewares.retry.RetryMiddleware',
 'scrapy.downloadermiddlewares.redirect.MetaRefreshMiddleware',
 'scrapy.downloadermiddlewares.httpcompression.HttpCompressionMiddleware',
 'scrapy.downloadermiddlewares.redirect.RedirectMiddleware',
 'scrapy.downloadermiddlewares.cookies.CookiesMiddleware',
 'scrapy.downloadermiddlewares.httpproxy.HttpProxyMiddleware',
 'scrapy.downloadermiddlewares.stats.DownloaderStats']
2024-08-19 12:25:38 [scrapy.middleware] INFO: Enabled spider middlewares:
['scrapy.spidermiddlewares.httperror.HttpErrorMiddleware',
 'scrapy.spidermiddlewares.referer.RefererMiddleware',
 'scrapy.spidermiddlewares.urllength.UrlLengthMiddleware',
 'scrapy.spidermiddlewares.depth.DepthMiddleware']
2024-08-19 12:25:38 [scrapy.middleware] INFO: Enabled item pipelines:
['mckinsey_scraper.pipelines.ExportPipeline']
2024-08-19 12:25:38 [scrapy.core.engine] INFO: Spider opened
2024-08-19 12:25:38 [scrapy.extensions.logstats] INFO: Crawled 0 pages (at 0 pages/min), scraped 0 items (at 0 items/min)
2024-08-19 12:25:38 [scrapy.extensions.telnet] INFO: Telnet console listening on 127.0.0.1:6023
2024-08-19 12:25:38 [mckinsey_capabilities_digital] DEBUG: User-Agent: Mozilla/5.0 (Windows NT 6.1; Win64; x64) Gecko/20130401 Firefox/70.5 for https://www.mckinsey.com/capabilities/mckinsey-digital/how-we-help-clients
2024-08-19 12:25:39 [scrapy.core.engine] DEBUG: Crawled (200) <GET https://www.mckinsey.com/capabilities/mckinsey-digital/how-we-help-clients> (referer: None)
2024-08-19 12:25:39 [scrapy.core.scraper] DEBUG: Scraped from <200 https://www.mckinsey.com/capabilities/mckinsey-digital/how-we-help-clients>
{'section_heading': 'What we offer', 'sub_heading': 'Helping our clients outcompete with technology', 'section_description': 'McKinsey Digital brings together teams of experts in technology, strategy, and industry, plus a global network of partners to help clients deliver value at scale.', 'title': 'Unlock the power of AI', 'url': 'https://www.mckinsey.com/capabilities/quantumblack/how-we-help-clients', 'description': 'QuantumBlack, AI by McKinsey helps organizations transform faster, innovate smarter, and anticipate the future, unlocking the power of AI to reinvent themselves from the ground up.'}
2024-08-19 12:25:39 [scrapy.core.scraper] DEBUG: Scraped from <200 https://www.mckinsey.com/capabilities/mckinsey-digital/how-we-help-clients>
{'section_heading': 'What we offer', 'sub_heading': 'Helping our clients outcompete with technology', 'section_description': 'McKinsey Digital brings together teams of experts in technology, strategy, and industry, plus a global network of partners to help clients deliver value at scale.', 'title': 'Invent and scale new businesses', 'url': 'https://www.mckinsey.com/capabilities/mckinsey-digital/leap/overview', 'description': 'Leap by McKinsey experts work with established organizations to imagine, build, and scale new businesses that thrive. We arm our clients’ teams with the software, tools, and capabilities they’ll need to succeed on their own.'}
2024-08-19 12:25:39 [scrapy.core.scraper] DEBUG: Scraped from <200 https://www.mckinsey.com/capabilities/mckinsey-digital/how-we-help-clients>
{'section_heading': 'What we offer', 'sub_heading': 'Helping our clients outcompete with technology', 'section_description': 'McKinsey Digital brings together teams of experts in technology, strategy, and industry, plus a global network of partners to help clients deliver value at scale.', 'title': 'Modernize your core technology', 'url': 'https://www.mckinsey.com/capabilities/mckinsey-digital/mckinsey-technology/overview', 'description': 'McKinsey Technology works with clients on end-to-end transformations —building modern IT functions, reinventing technology delivery, and future-proofing the foundation.'}
2024-08-19 12:25:39 [scrapy.core.scraper] DEBUG: Scraped from <200 https://www.mckinsey.com/capabilities/mckinsey-digital/how-we-help-clients>
{'section_heading': 'What we offer', 'sub_heading': 'Helping our clients outcompete with technology', 'section_description': 'McKinsey Digital brings together teams of experts in technology, strategy, and industry, plus a global network of partners to help clients deliver value at scale.', 'title': 'Design and deploy digital products', 'url': 'https://www.mckinsey.com/capabilities/mckinsey-digital/how-we-help-clients/build-by-mckinsey', 'description': 'Build by McKinsey is our tech strategy and delivery unit of exceptional designers, technologists, product managers, and data and cloud engineers building robust software and digital products to meet our clients’ needs.'}
2024-08-19 12:25:39 [scrapy.core.engine] INFO: Closing spider (finished)
2024-08-19 12:25:39 [mckinsey_capabilities_digital] INFO: ExportPipeline closed the files.
2024-08-19 12:25:39 [scrapy.statscollectors] INFO: Dumping Scrapy stats:
{'downloader/request_bytes': 371,
 'downloader/request_count': 1,
 'downloader/request_method_count/GET': 1,
 'downloader/response_bytes': 37851,
 'downloader/response_count': 1,
 'downloader/response_status_count/200': 1,
 'elapsed_time_seconds': 0.384517,
 'finish_reason': 'finished',
 'finish_time': datetime.datetime(2024, 8, 19, 17, 25, 39, 246331, tzinfo=datetime.timezone.utc),
 'httpcompression/response_bytes': 189959,
 'httpcompression/response_count': 1,
 'item_scraped_count': 4,
 'log_count/DEBUG': 9,
 'log_count/INFO': 11,
 'response_received_count': 1,
 'scheduler/dequeued': 1,
 'scheduler/dequeued/memory': 1,
 'scheduler/enqueued': 1,
 'scheduler/enqueued/memory': 1,
 'start_time': datetime.datetime(2024, 8, 19, 17, 25, 38, 861814, tzinfo=datetime.timezone.utc)}
2024-08-19 12:25:39 [scrapy.core.engine] INFO: Spider closed (finished)
