2024-08-19 12:11:03 [scrapy.addons] INFO: Enabled addons:
[]
2024-08-19 12:11:03 [asyncio] DEBUG: Using selector: SelectSelector
2024-08-19 12:11:03 [scrapy.utils.log] DEBUG: Using reactor: twisted.internet.asyncioreactor.AsyncioSelectorReactor
2024-08-19 12:11:03 [scrapy.utils.log] DEBUG: Using asyncio event loop: asyncio.windows_events._WindowsSelectorEventLoop
2024-08-19 12:11:03 [scrapy.extensions.telnet] INFO: Telnet Password: 5cae4be76b99e213
2024-08-19 12:11:03 [scrapy.middleware] INFO: Enabled extensions:
['scrapy.extensions.corestats.CoreStats',
 'scrapy.extensions.telnet.TelnetConsole',
 'scrapy.extensions.logstats.LogStats']
2024-08-19 12:11:03 [scrapy.crawler] INFO: Overridden settings:
{'BOT_NAME': 'mckinsey_scraper',
 'DOWNLOAD_DELAY': 1,
 'FEED_EXPORT_ENCODING': 'utf-8',
 'LOG_FILE': 'mckinsey_capabilities_20240819_121103.log',
 'NEWSPIDER_MODULE': 'mckinsey_scraper.spiders',
 'REQUEST_FINGERPRINTER_IMPLEMENTATION': '2.7',
 'SPIDER_MODULES': ['mckinsey_scraper.spiders'],
 'TWISTED_REACTOR': 'twisted.internet.asyncioreactor.AsyncioSelectorReactor'}
2024-08-19 12:11:03 [scrapy.middleware] INFO: Enabled downloader middlewares:
['scrapy.downloadermiddlewares.offsite.OffsiteMiddleware',
 'scrapy.downloadermiddlewares.httpauth.HttpAuthMiddleware',
 'scrapy.downloadermiddlewares.downloadtimeout.DownloadTimeoutMiddleware',
 'scrapy.downloadermiddlewares.defaultheaders.DefaultHeadersMiddleware',
 'mckinsey_scraper.middlewares.RandomUserAgentMiddleware',
 'scrapy.downloadermiddlewares.useragent.UserAgentMiddleware',
 'scrapy.downloadermiddlewares.retry.RetryMiddleware',
 'scrapy.downloadermiddlewares.redirect.MetaRefreshMiddleware',
 'scrapy.downloadermiddlewares.httpcompression.HttpCompressionMiddleware',
 'scrapy.downloadermiddlewares.redirect.RedirectMiddleware',
 'scrapy.downloadermiddlewares.cookies.CookiesMiddleware',
 'scrapy.downloadermiddlewares.httpproxy.HttpProxyMiddleware',
 'scrapy.downloadermiddlewares.stats.DownloaderStats']
2024-08-19 12:11:03 [scrapy.middleware] INFO: Enabled spider middlewares:
['scrapy.spidermiddlewares.httperror.HttpErrorMiddleware',
 'scrapy.spidermiddlewares.referer.RefererMiddleware',
 'scrapy.spidermiddlewares.urllength.UrlLengthMiddleware',
 'scrapy.spidermiddlewares.depth.DepthMiddleware']
2024-08-19 12:11:03 [scrapy.middleware] INFO: Enabled item pipelines:
['mckinsey_scraper.pipelines.ExportPipeline']
2024-08-19 12:11:03 [scrapy.core.engine] INFO: Spider opened
2024-08-19 12:11:03 [scrapy.extensions.logstats] INFO: Crawled 0 pages (at 0 pages/min), scraped 0 items (at 0 items/min)
2024-08-19 12:11:03 [scrapy.extensions.telnet] INFO: Telnet console listening on 127.0.0.1:6023
2024-08-19 12:11:03 [mckinsey_capabilities] DEBUG: User-Agent: Mozilla/5.0 (Macintosh; U; Intel Mac OS X 7_2_7; en-US) Gecko/20100101 Firefox/65.4 for https://www.mckinsey.com/capabilities
2024-08-19 12:11:04 [scrapy.core.engine] DEBUG: Crawled (200) <GET https://www.mckinsey.com/capabilities> (referer: None)
2024-08-19 12:11:04 [scrapy.core.scraper] DEBUG: Scraped from <200 https://www.mckinsey.com/capabilities>
{'title': 'McKinsey Digital', 'url': 'https://www.mckinsey.com/capabilities/mckinsey-digital/how-we-help-clients', 'description': 'Learn how we help clients harness the power of data and AI, modernize core technology, optimize and automate operations, and fuel digital growth.'}
2024-08-19 12:11:04 [scrapy.core.scraper] DEBUG: Scraped from <200 https://www.mckinsey.com/capabilities>
{'title': 'McKinsey Digital', 'url': 'https://www.mckinsey.com/capabilities/mckinsey-digital/how-we-help-clients', 'description': 'Learn how we help clients harness the power of data and AI, modernize core technology, optimize and automate operations, and fuel digital growth.'}
2024-08-19 12:11:04 [scrapy.core.scraper] DEBUG: Scraped from <200 https://www.mckinsey.com/capabilities>
{'title': 'Growth, Marketing & Sales', 'url': 'https://www.mckinsey.com/capabilities/growth-marketing-and-sales/how-we-help-clients', 'description': 'Learn how we help companies strengthen their marketing capabilities by advising them on digital processes, analytics, pricing, channel and sales management, and branding.'}
2024-08-19 12:11:04 [scrapy.core.scraper] DEBUG: Scraped from <200 https://www.mckinsey.com/capabilities>
{'title': 'Growth, Marketing & Sales', 'url': 'https://www.mckinsey.com/capabilities/growth-marketing-and-sales/how-we-help-clients', 'description': 'Learn how we help companies strengthen their marketing capabilities by advising them on digital processes, analytics, pricing, channel and sales management, and branding.'}
2024-08-19 12:11:04 [scrapy.core.scraper] DEBUG: Scraped from <200 https://www.mckinsey.com/capabilities>
{'title': 'Implementation', 'url': 'https://www.mckinsey.com/capabilities/implementation/how-we-help-clients', 'description': 'Learn how we help organizations accelerate execution to achieve long-term performance improvement and measurable, bottom-line results.'}
2024-08-19 12:11:04 [scrapy.core.scraper] DEBUG: Scraped from <200 https://www.mckinsey.com/capabilities>
{'title': 'Implementation', 'url': 'https://www.mckinsey.com/capabilities/implementation/how-we-help-clients', 'description': 'Learn how we help organizations accelerate execution to achieve long-term performance improvement and measurable, bottom-line results.'}
2024-08-19 12:11:04 [scrapy.core.scraper] DEBUG: Scraped from <200 https://www.mckinsey.com/capabilities>
{'title': 'M&A', 'url': 'https://www.mckinsey.com/capabilities/m-and-a/how-we-help-clients', 'description': 'Learn how we partner with clients to maximize the success of their M&A activities, including portfolio transformation, strategy, execution, and capability building.'}
2024-08-19 12:11:04 [scrapy.core.scraper] DEBUG: Scraped from <200 https://www.mckinsey.com/capabilities>
{'title': 'M&A', 'url': 'https://www.mckinsey.com/capabilities/m-and-a/how-we-help-clients', 'description': 'Learn how we partner with clients to maximize the success of their M&A activities, including portfolio transformation, strategy, execution, and capability building.'}
2024-08-19 12:11:04 [scrapy.core.scraper] DEBUG: Scraped from <200 https://www.mckinsey.com/capabilities>
{'title': 'Operations', 'url': 'https://www.mckinsey.com/capabilities/operations/how-we-help-clients', 'description': 'Learn how we connect boardroom strategies to the frontline—infusing technology and rapidly delivering lasting transformations enabled by capability building.'}
2024-08-19 12:11:04 [scrapy.core.scraper] DEBUG: Scraped from <200 https://www.mckinsey.com/capabilities>
{'title': 'Operations', 'url': 'https://www.mckinsey.com/capabilities/operations/how-we-help-clients', 'description': 'Learn how we connect boardroom strategies to the frontline—infusing technology and rapidly delivering lasting transformations enabled by capability building.'}
2024-08-19 12:11:04 [scrapy.core.scraper] DEBUG: Scraped from <200 https://www.mckinsey.com/capabilities>
{'title': 'People & Organizational Performance', 'url': 'https://www.mckinsey.com/capabilities/people-and-organizational-performance/how-we-help-clients', 'description': 'Learn how we help clients develop a workforce that can thrive through disruption so you can realize your strategy today and sustain performance in the future.'}
2024-08-19 12:11:04 [scrapy.core.scraper] DEBUG: Scraped from <200 https://www.mckinsey.com/capabilities>
{'title': 'People & Organizational Performance', 'url': 'https://www.mckinsey.com/capabilities/people-and-organizational-performance/how-we-help-clients', 'description': 'Learn how we help clients develop a workforce that can thrive through disruption so you can realize your strategy today and sustain performance in the future.'}
2024-08-19 12:11:04 [scrapy.core.scraper] DEBUG: Scraped from <200 https://www.mckinsey.com/capabilities>
{'title': 'Risk & Resilience', 'url': 'https://www.mckinsey.com/capabilities/risk-and-resilience/how-we-help-clients', 'description': 'Learn how we help our clients better understand, prepare for, and manage risks to ensure institutional resilience in an ever-changing world.'}
2024-08-19 12:11:04 [scrapy.core.scraper] DEBUG: Scraped from <200 https://www.mckinsey.com/capabilities>
{'title': 'Risk & Resilience', 'url': 'https://www.mckinsey.com/capabilities/risk-and-resilience/how-we-help-clients', 'description': 'Learn how we help our clients better understand, prepare for, and manage risks to ensure institutional resilience in an ever-changing world.'}
2024-08-19 12:11:04 [scrapy.core.scraper] DEBUG: Scraped from <200 https://www.mckinsey.com/capabilities>
{'title': 'Strategy & Corporate Finance', 'url': 'https://www.mckinsey.com/capabilities/strategy-and-corporate-finance/how-we-help-clients', 'description': 'Learn how we help clients develop and implement bold strategies by providing advice on valuation, financial analysis and modeling, transaction support, capital markets and treasury.'}
2024-08-19 12:11:04 [scrapy.core.scraper] DEBUG: Scraped from <200 https://www.mckinsey.com/capabilities>
{'title': 'Strategy & Corporate Finance', 'url': 'https://www.mckinsey.com/capabilities/strategy-and-corporate-finance/how-we-help-clients', 'description': 'Learn how we help clients develop and implement bold strategies by providing advice on valuation, financial analysis and modeling, transaction support, capital markets and treasury.'}
2024-08-19 12:11:04 [scrapy.core.scraper] DEBUG: Scraped from <200 https://www.mckinsey.com/capabilities>
{'title': 'McKinsey Sustainability', 'url': 'https://www.mckinsey.com/capabilities/sustainability/how-we-help-clients', 'description': 'Learn how we work with leaders across all sectors to achieve net zero, safeguarding our planet and advancing sustainability.'}
2024-08-19 12:11:04 [scrapy.core.scraper] DEBUG: Scraped from <200 https://www.mckinsey.com/capabilities>
{'title': 'McKinsey Sustainability', 'url': 'https://www.mckinsey.com/capabilities/sustainability/how-we-help-clients', 'description': 'Learn how we work with leaders across all sectors to achieve net zero, safeguarding our planet and advancing sustainability.'}
2024-08-19 12:11:04 [scrapy.core.scraper] DEBUG: Scraped from <200 https://www.mckinsey.com/capabilities>
{'title': 'McKinsey Transformation', 'url': 'https://www.mckinsey.com/capabilities/transformation/how-we-help-clients', 'description': 'Learn how our approach to transformation powers comprehensive, rapid, and enduring organizational change.'}
2024-08-19 12:11:04 [scrapy.core.scraper] DEBUG: Scraped from <200 https://www.mckinsey.com/capabilities>
{'title': 'McKinsey Transformation', 'url': 'https://www.mckinsey.com/capabilities/transformation/how-we-help-clients', 'description': 'Learn how our approach to transformation powers comprehensive, rapid, and enduring organizational change.'}
2024-08-19 12:11:04 [scrapy.core.engine] INFO: Closing spider (finished)
2024-08-19 12:11:04 [mckinsey_capabilities] INFO: ExportPipeline closed the files.
2024-08-19 12:11:04 [scrapy.statscollectors] INFO: Dumping Scrapy stats:
{'downloader/request_bytes': 349,
 'downloader/request_count': 1,
 'downloader/request_method_count/GET': 1,
 'downloader/response_bytes': 30678,
 'downloader/response_count': 1,
 'downloader/response_status_count/200': 1,
 'elapsed_time_seconds': 1.092447,
 'finish_reason': 'finished',
 'finish_time': datetime.datetime(2024, 8, 19, 17, 11, 4, 765679, tzinfo=datetime.timezone.utc),
 'httpcompression/response_bytes': 124708,
 'httpcompression/response_count': 1,
 'item_scraped_count': 20,
 'log_count/DEBUG': 25,
 'log_count/INFO': 11,
 'response_received_count': 1,
 'scheduler/dequeued': 1,
 'scheduler/dequeued/memory': 1,
 'scheduler/enqueued': 1,
 'scheduler/enqueued/memory': 1,
 'start_time': datetime.datetime(2024, 8, 19, 17, 11, 3, 673232, tzinfo=datetime.timezone.utc)}
2024-08-19 12:11:04 [scrapy.core.engine] INFO: Spider closed (finished)
